<?xml version="1.0" encoding="UTF-8"?>
<!-- Generated by org.testng.reporters.JUnitReportReporter -->
<testsuite hostname="PC089" failures="0" tests="2" name="qaclickacademy.MavenJava.AppiumTest" time="0.002" errors="0" timestamp="2022-06-06T08:50:17 GST" skipped="0">
  <testcase classname="qaclickacademy.MavenJava.AppiumTest" name="nativeAppAndroid" time="0.001"/>
  <system-out/>
  <testcase classname="qaclickacademy.MavenJava.AppiumTest" name="iOSApp" time="0.001"/>
  <system-out/>
</testsuite> <!-- qaclickacademy.MavenJava.AppiumTest -->
