<?xml version="1.0" encoding="UTF-8"?>
<!-- Generated by org.testng.reporters.JUnitReportReporter -->
<testsuite hostname="PC089" failures="0" tests="2" name="qaclickacademy.MavenJava.APITest" time="0.018" errors="0" timestamp="2022-06-06T08:50:17 GST" skipped="0">
  <testcase classname="qaclickacademy.MavenJava.APITest" name="deleteTwitter" time="0.010"/>
  <system-out/>
  <testcase classname="qaclickacademy.MavenJava.APITest" name="postJira" time="0.008"/>
  <system-out/>
</testsuite> <!-- qaclickacademy.MavenJava.APITest -->
