<?xml version="1.0" encoding="UTF-8"?>
<!-- Generated by org.testng.reporters.JUnitReportReporter -->
<testsuite hostname="PC089" failures="0" tests="2" name="qaclickacademy.MavenJava.SeleniumTest" time="0.003" errors="0" timestamp="2022-06-06T08:50:17 GST" skipped="0">
  <testcase classname="qaclickacademy.MavenJava.SeleniumTest" name="elementsUI" time="0.001"/>
  <system-out/>
  <testcase classname="qaclickacademy.MavenJava.SeleniumTest" name="browserAutomation" time="0.002"/>
  <system-out/>
</testsuite> <!-- qaclickacademy.MavenJava.SeleniumTest -->
